{"name": "test_case_home_page", "status": "failed", "statusDetails": {"message": "AssertionError: assert 6 < 5", "trace": "self = <Testes.test_case_Saucedemo.Test_case_0007 object at 0x0000028969F5B7F0>\n\n    def test_case_home_page(self):\n        log_file = self.getLogger()\n        self.driver.implicitly_wait(10)\n        log_file.info(\"Home Page is Login Started \")\n        # log = Login(self.driver)\n        self.Login_setup()\n        # log.Login_setup()\n        \"\"\"login=Login(self.driver)\n        login.log_in_name().send_keys(\"standard_user\")\n        login.log_in_password().send_keys(\"secret_sauce\")\n        login.log_in_button().click()\"\"\"\n        home_page = Home_page(self.driver)\n        home_page.open_menu_click().click()\n        home_page.All_items_click().click()\n        Total_list = home_page.Add_cart_list()\n    \n        count = 0\n        for items in Total_list:\n            items.click()\n            count += 1\n        print(count)\n>       assert count < 5\nE       assert 6 < 5\n\nTestes\\test_case_Saucedemo.py:85: AssertionError"}, "attachments": [{"name": "log", "source": "4647df7e-e320-4388-b6c2-5f85be2b494c-attachment.txt", "type": "text/plain"}], "start": 1647085388439, "stop": 1647085389043, "uuid": "e8de1503-aad5-4a09-adee-10694ba62b48", "historyId": "3eb990a337f96b82f65289bf51162cad", "testCaseId": "10940c929a7521ab6afd365f336e5c5d", "fullName": "Testes.test_case_Saucedemo.Test_case_0007#test_case_home_page", "labels": [{"name": "severity", "value": "normal"}, {"name": "tag", "value": "@pytest.mark.usefixtures('setup')"}, {"name": "parentSuite", "value": "Testes"}, {"name": "suite", "value": "test_case_Saucedemo"}, {"name": "subSuite", "value": "Test_case_0007"}, {"name": "host", "value": "Gopinatha"}, {"name": "thread", "value": "17536-MainThread"}, {"name": "framework", "value": "pytest"}, {"name": "language", "value": "cpython3"}, {"name": "package", "value": "Testes.test_case_Saucedemo"}]}