{"name": "test_Cart_list", "status": "failed", "statusDetails": {"message": "AssertionError: assert 6 > 6", "trace": "self = <Testes.test_case_Saucedemo.Test_case_0007 object at 0x0000028969F5B9A0>\n\n    def test_Cart_list(self):\n        self.driver.implicitly_wait(10)\n        # log = Login(self.driver)\n        # log.Login_setup()\n        log_file = self.getLogger()\n        log_file.info(\"Test Cart List is Started\")\n        self.Login_setup()\n    \n        Cart_list = Home_page(self.driver)\n        time.sleep(10)\n        Add = Cart_list.Add_cart_list()\n    \n        for Add_items in Add:\n            Add_items.click()\n    \n        Cart_list.list_Add_cart().click()\n        time.sleep(10)\n        Cart_list.remove_list_cart().click()\n        time.sleep(10)\n        total_cart_list = Cart_list.total_cart_list()\n        count = 0\n    \n        for items in total_cart_list:\n            count += 1\n        count = count + 1\n        print(count)\n>       assert count > 6\nE       assert 6 > 6\n\nTestes\\test_case_Saucedemo.py:114: AssertionError"}, "attachments": [{"name": "log", "source": "f3165785-0b8f-45a2-8ff5-2555bc7821dd-attachment.txt", "type": "text/plain"}], "start": 1647085397799, "stop": 1647085428326, "uuid": "33e151dd-aecb-4b7f-b2f7-66b677824cbe", "historyId": "d45036b30245abb7b8ecf94464ef10ed", "testCaseId": "6f36205d30c9740d6a745bfb182e685d", "fullName": "Testes.test_case_Saucedemo.Test_case_0007#test_Cart_list", "labels": [{"name": "severity", "value": "normal"}, {"name": "tag", "value": "@pytest.mark.usefixtures('setup')"}, {"name": "parentSuite", "value": "Testes"}, {"name": "suite", "value": "test_case_Saucedemo"}, {"name": "subSuite", "value": "Test_case_0007"}, {"name": "host", "value": "Gopinatha"}, {"name": "thread", "value": "17536-MainThread"}, {"name": "framework", "value": "pytest"}, {"name": "language", "value": "cpython3"}, {"name": "package", "value": "Testes.test_case_Saucedemo"}]}