{"name": "test_Cart_list", "status": "failed", "statusDetails": {"message": "AssertionError: assert 6 > 6", "trace": "self = <Testes.test_case_Saucedemo.Test_case_0007 object at 0x000001E9F3F1FD90>\n\n    @step(\"Login correct password and user Name Display List Count Cart  \")\n    @allure.severity(allure.severity_level.BLOCKER)\n    def test_Cart_list(self):\n        self.driver.implicitly_wait(10)\n        # log = Login(self.driver)\n        # log.Login_setup()\n        log_file = self.getLogger()\n        log_file.info(\"Test Cart List is Started\")\n        self.Login_setup()\n    \n        Cart_list = Home_page(self.driver)\n        time.sleep(10)\n        Add = Cart_list.Add_cart_list()\n    \n        for Add_items in Add:\n            Add_items.click()\n    \n        Cart_list.list_Add_cart().click()\n        time.sleep(10)\n        Cart_list.remove_list_cart().click()\n        time.sleep(10)\n        total_cart_list = Cart_list.total_cart_list()\n        count = 0\n    \n        for items in total_cart_list:\n            count += 1\n        count = count + 1\n        print(count)\n>       assert count > 6\nE       assert 6 > 6\n\nTestes\\test_case_Saucedemo.py:120: AssertionError"}, "steps": [{"name": "Login correct password and user Name Display List Count Cart  ", "status": "failed", "statusDetails": {"message": "AssertionError: assert 6 > 6\n", "trace": "  File \"C:\\Users\\DELL\\AppData\\Roaming\\Python\\Python310\\site-packages\\allure_commons\\_allure.py\", line 172, in impl\n    return func(*a, **kw)\n  File \"C:\\Users\\DELL\\PycharmProjects\\Saucedemo\\Testes\\test_case_Saucedemo.py\", line 120, in test_Cart_list\n    assert count > 6\n"}, "start": 1647095735314, "stop": 1647095766820}], "attachments": [{"name": "log", "source": "737151eb-2bec-4a2f-bc76-806e386b6bf1-attachment.txt", "type": "text/plain"}], "start": 1647095735314, "stop": 1647095766820, "uuid": "bec7b397-7ac8-4e2d-998d-567484fbf68a", "historyId": "d45036b30245abb7b8ecf94464ef10ed", "testCaseId": "6f36205d30c9740d6a745bfb182e685d", "fullName": "Testes.test_case_Saucedemo.Test_case_0007#test_Cart_list", "labels": [{"name": "severity", "value": "blocker"}, {"name": "tag", "value": "@pytest.mark.usefixtures('setup')"}, {"name": "parentSuite", "value": "Testes"}, {"name": "suite", "value": "test_case_Saucedemo"}, {"name": "subSuite", "value": "Test_case_0007"}, {"name": "host", "value": "Gopinatha"}, {"name": "thread", "value": "20812-MainThread"}, {"name": "framework", "value": "pytest"}, {"name": "language", "value": "cpython3"}, {"name": "package", "value": "Testes.test_case_Saucedemo"}]}