{"name": "test_case_home_page", "status": "failed", "statusDetails": {"message": "AssertionError: assert 6 < 5", "trace": "self = <Testes.test_case_Saucedemo.Test_case_0007 object at 0x000001E9F3F1FB80>\n\n    @step(\"Login correct password and user Name Display Home Page  \")\n    @allure.severity(allure.severity_level.CRITICAL)\n    def test_case_home_page(self):\n        log_file = self.getLogger()\n        self.driver.implicitly_wait(10)\n        log_file.info(\"Home Page is Login Started \")\n        # log = Login(self.driver)\n        self.Login_setup()\n        # log.Login_setup()\n        \"\"\"login=Login(self.driver)\n        login.log_in_name().send_keys(\"standard_user\")\n        login.log_in_password().send_keys(\"secret_sauce\")\n        login.log_in_button().click()\"\"\"\n        home_page = Home_page(self.driver)\n        home_page.open_menu_click().click()\n        home_page.All_items_click().click()\n        Total_list = home_page.Add_cart_list()\n    \n        count = 0\n        for items in Total_list:\n            items.click()\n            count += 1\n        print(count)\n>       assert count < 5\nE       assert 6 < 5\n\nTestes\\test_case_Saucedemo.py:90: AssertionError"}, "steps": [{"name": "Login correct password and user Name Display Home Page  ", "status": "failed", "statusDetails": {"message": "AssertionError: assert 6 < 5\n", "trace": "  File \"C:\\Users\\DELL\\AppData\\Roaming\\Python\\Python310\\site-packages\\allure_commons\\_allure.py\", line 172, in impl\n    return func(*a, **kw)\n  File \"C:\\Users\\DELL\\PycharmProjects\\Saucedemo\\Testes\\test_case_Saucedemo.py\", line 90, in test_case_home_page\n    assert count < 5\n"}, "start": 1647095654987, "stop": 1647095656066}], "attachments": [{"name": "log", "source": "d089e807-20b1-4418-87c1-82211a05a1a8-attachment.txt", "type": "text/plain"}], "start": 1647095654986, "stop": 1647095656067, "uuid": "805ed5aa-bd46-478b-939f-123f0c72c9d2", "historyId": "3eb990a337f96b82f65289bf51162cad", "testCaseId": "10940c929a7521ab6afd365f336e5c5d", "fullName": "Testes.test_case_Saucedemo.Test_case_0007#test_case_home_page", "labels": [{"name": "severity", "value": "critical"}, {"name": "tag", "value": "@pytest.mark.usefixtures('setup')"}, {"name": "parentSuite", "value": "Testes"}, {"name": "suite", "value": "test_case_Saucedemo"}, {"name": "subSuite", "value": "Test_case_0007"}, {"name": "host", "value": "Gopinatha"}, {"name": "thread", "value": "20812-MainThread"}, {"name": "framework", "value": "pytest"}, {"name": "language", "value": "cpython3"}, {"name": "package", "value": "Testes.test_case_Saucedemo"}]}